Arguments: 
  C:\Program Files\nodejs\node.exe C:\Users\Administrator\AppData\Roaming\npm\node_modules\yarn\bin\yarn.js add react-export-excel

PATH: 
  C:\Program Files\Git\mingw64\bin;C:\Program Files\Git\usr\bin;C:\Users\Administrator\bin;C:\Program Files\AdoptOpenJDK\jdk-11.0.11.9-hotspot\bin;C:\Python39\Scripts;C:\Python39;C:\Program Files (x86)\Common Files\Oracle\Java\javapath;C:\Program Files (x86)\Common Files\Intel\Shared Libraries\redist\intel64\compiler;C:\Python38\Scripts;C:\Python38;C:\Windows\system32;C:\Windows;C:\Windows\System32\Wbem;C:\Windows\System32\WindowsPowerShell\v1.0;C:\Windows\System32\OpenSSH;C:\ProgramData\chocolatey\bin;C:\Program Files\Git\cmd;E:\xampp\php;C:\ProgramData\ComposerSetup\bin;C:\Program Files\PuTTY;C:\Program Files\Docker\Docker\resources\bin;C:\ProgramData\DockerDesktop\version-bin;C:\Program Files\nodejs;C:\Program Files\MySQL\MySQL Shell 8.0\bin;C:\Users\Administrator\AppData\Local\Microsoft\WindowsApps;C:\Users\Administrator\AppData\Local\Programs\Microsoft VS Code\bin;C:\Users\Administrator\AppData\Roaming\Composer\vendor\bin;F:\old\apache-jmeter-5.3\apache-jmeter-5.3\bin;C:\Program Files\Docker\Docker;C:\Program Files\MySQL\MySQL Server 8.0\bin;C:\Users\Administrator\AppData\Roaming\npm;F:\xampp\php

Yarn version: 
  1.22.10

Node version: 
  14.15.5

Platform: 
  win32 x64

Trace: 
  SyntaxError: C:\Users\Administrator\AppData\Local\Yarn\Cache\v6\npm-requires-port-1.0.0-925d2601d39ac485e091cf0da5c6e694dc3dcaff-integrity\node_modules\requires-port\.yarn-metadata.json: Unexpected end of JSON input
      at JSON.parse (<anonymous>)
      at C:\Users\Administrator\AppData\Roaming\npm\node_modules\yarn\lib\cli.js:1625:59
      at Generator.next (<anonymous>)
      at step (C:\Users\Administrator\AppData\Roaming\npm\node_modules\yarn\lib\cli.js:310:30)
      at C:\Users\Administrator\AppData\Roaming\npm\node_modules\yarn\lib\cli.js:321:13

npm manifest: 
  {
    "name": "zapp",
    "version": "0.1.0",
    "private": true,
    "dependencies": {
      "@fortawesome/fontawesome-svg-core": "^1.2.35",
      "@fortawesome/free-solid-svg-icons": "^5.15.3",
      "@fortawesome/react-fontawesome": "^0.1.14",
      "axios": "^0.18.1",
      "bootstrap": "^4.4.1",
      "bootstrap-v4-rtl": "^4.1.1-1",
      "geolib": "^2.0.24",
      "jalali-moment": "^3.3.10",
      "leaflet": "^1.7.1",
      "leaflet-wms-header": "^1.0.13",
      "leaflet.locatecontrol": "^0.68.0",
      "lowdb": "^1.0.0",
      "mapir-react-component": "^1.8.1",
      "moment-jalaali": "^0.8.3",
      "moment-jalali": "^0.3.9",
      "nouislider-react": "^1.6.6",
      "prop-types": "^15.7.2",
      "react": "^16.14.0",
      "react-advance-jalaali-datepicker": "^1.2.2",
      "react-awesome-modal": "^2.0.5",
      "react-dom": "^16.12.0",
      "react-export-excel": "^0.5.3",
      "react-geolocated": "^3.0.1",
      "react-google-maps": "^9.4.5",
      "react-input-mask": "^2.0.4",
      "react-leaflet": "^2.6.1",
      "react-redux": "^5.1.2",
      "react-router-dom": "^4.3.1",
      "react-scripts": "^2.1.8",
      "react-select": "^2.4.4",
      "reactstrap": "^6.5.0",
      "recharts": "^1.8.5",
      "recompose": "^0.30.0",
      "redux": "^4.0.5",
      "redux-saga": "^0.16.2",
      "socket.io-client": "^2.3.0",
      "uniqid": "^5.2.0"
    },
    "scripts": {
      "start": "react-scripts start",
      "build": "react-scripts build",
      "test": "react-scripts test",
      "eject": "react-scripts eject"
    },
    "eslintConfig": {
      "extends": "react-app"
    },
    "browserslist": [
      ">0.2%",
      "not dead",
      "not ie <= 11",
      "not op_mini all"
    ]
  }

yarn manifest: 
  No manifest

Lockfile: 
  No lockfile
